{"/Users/ailipriimann/Desktop/FullstackMOOC/osa5/bloglist-frontend/src/App.js": {"path":"/Users/ailipriimann/Desktop/FullstackMOOC/osa5/bloglist-frontend/src/App.js","statementMap":{"0":{"start":{"line":10,"column":12},"end":{"line":198,"column":1}},"1":{"start":{"line":11,"column":28},"end":{"line":11,"column":40}},"2":{"start":{"line":12,"column":32},"end":{"line":12,"column":46}},"3":{"start":{"line":13,"column":42},"end":{"line":13,"column":57}},"4":{"start":{"line":15,"column":34},"end":{"line":15,"column":46}},"5":{"start":{"line":16,"column":34},"end":{"line":16,"column":46}},"6":{"start":{"line":17,"column":26},"end":{"line":17,"column":40}},"7":{"start":{"line":19,"column":22},"end":{"line":19,"column":30}},"8":{"start":{"line":21,"column":2},"end":{"line":23,"column":8}},"9":{"start":{"line":22,"column":4},"end":{"line":22,"column":14}},"10":{"start":{"line":25,"column":19},"end":{"line":35,"column":3}},"11":{"start":{"line":26,"column":4},"end":{"line":34,"column":8}},"12":{"start":{"line":29,"column":8},"end":{"line":29,"column":54}},"13":{"start":{"line":29,"column":36},"end":{"line":29,"column":53}},"14":{"start":{"line":30,"column":8},"end":{"line":30,"column":30}},"15":{"start":{"line":33,"column":8},"end":{"line":33,"column":40}},"16":{"start":{"line":37,"column":2},"end":{"line":44,"column":8}},"17":{"start":{"line":38,"column":27},"end":{"line":38,"column":75}},"18":{"start":{"line":39,"column":4},"end":{"line":43,"column":5}},"19":{"start":{"line":40,"column":19},"end":{"line":40,"column":45}},"20":{"start":{"line":41,"column":6},"end":{"line":41,"column":19}},"21":{"start":{"line":42,"column":6},"end":{"line":42,"column":38}},"22":{"start":{"line":46,"column":23},"end":{"line":62,"column":3}},"23":{"start":{"line":47,"column":4},"end":{"line":61,"column":5}},"24":{"start":{"line":48,"column":6},"end":{"line":48,"column":57}},"25":{"start":{"line":49,"column":6},"end":{"line":49,"column":19}},"26":{"start":{"line":50,"column":6},"end":{"line":50,"column":28}},"27":{"start":{"line":51,"column":6},"end":{"line":51,"column":60}},"28":{"start":{"line":52,"column":6},"end":{"line":54,"column":14}},"29":{"start":{"line":53,"column":8},"end":{"line":53,"column":24}},"30":{"start":{"line":56,"column":6},"end":{"line":56,"column":27}},"31":{"start":{"line":57,"column":6},"end":{"line":57,"column":55}},"32":{"start":{"line":58,"column":6},"end":{"line":60,"column":14}},"33":{"start":{"line":59,"column":8},"end":{"line":59,"column":24}},"34":{"start":{"line":64,"column":18},"end":{"line":83,"column":3}},"35":{"start":{"line":65,"column":4},"end":{"line":65,"column":42}},"36":{"start":{"line":66,"column":4},"end":{"line":82,"column":8}},"37":{"start":{"line":69,"column":8},"end":{"line":69,"column":44}},"38":{"start":{"line":70,"column":8},"end":{"line":70,"column":30}},"39":{"start":{"line":71,"column":8},"end":{"line":71,"column":93}},"40":{"start":{"line":72,"column":8},"end":{"line":74,"column":16}},"41":{"start":{"line":73,"column":10},"end":{"line":73,"column":26}},"42":{"start":{"line":77,"column":8},"end":{"line":77,"column":29}},"43":{"start":{"line":78,"column":8},"end":{"line":78,"column":40}},"44":{"start":{"line":79,"column":8},"end":{"line":81,"column":16}},"45":{"start":{"line":80,"column":10},"end":{"line":80,"column":26}},"46":{"start":{"line":85,"column":18},"end":{"line":103,"column":3}},"47":{"start":{"line":86,"column":4},"end":{"line":102,"column":8}},"48":{"start":{"line":89,"column":8},"end":{"line":89,"column":18}},"49":{"start":{"line":90,"column":8},"end":{"line":90,"column":30}},"50":{"start":{"line":91,"column":8},"end":{"line":91,"column":86}},"51":{"start":{"line":92,"column":8},"end":{"line":94,"column":16}},"52":{"start":{"line":93,"column":10},"end":{"line":93,"column":26}},"53":{"start":{"line":97,"column":8},"end":{"line":97,"column":29}},"54":{"start":{"line":98,"column":8},"end":{"line":98,"column":40}},"55":{"start":{"line":99,"column":8},"end":{"line":101,"column":16}},"56":{"start":{"line":100,"column":10},"end":{"line":100,"column":26}},"57":{"start":{"line":105,"column":21},"end":{"line":126,"column":3}},"58":{"start":{"line":107,"column":4},"end":{"line":125,"column":5}},"59":{"start":{"line":108,"column":6},"end":{"line":124,"column":10}},"60":{"start":{"line":111,"column":10},"end":{"line":111,"column":20}},"61":{"start":{"line":112,"column":10},"end":{"line":112,"column":32}},"62":{"start":{"line":113,"column":10},"end":{"line":113,"column":50}},"63":{"start":{"line":114,"column":10},"end":{"line":116,"column":18}},"64":{"start":{"line":115,"column":12},"end":{"line":115,"column":28}},"65":{"start":{"line":119,"column":10},"end":{"line":119,"column":31}},"66":{"start":{"line":120,"column":10},"end":{"line":120,"column":45}},"67":{"start":{"line":121,"column":10},"end":{"line":123,"column":18}},"68":{"start":{"line":122,"column":12},"end":{"line":122,"column":28}},"69":{"start":{"line":128,"column":22},"end":{"line":154,"column":3}},"70":{"start":{"line":129,"column":4},"end":{"line":129,"column":26}},"71":{"start":{"line":131,"column":4},"end":{"line":153,"column":5}},"72":{"start":{"line":132,"column":19},"end":{"line":134,"column":8}},"73":{"start":{"line":135,"column":6},"end":{"line":137,"column":7}},"74":{"start":{"line":138,"column":6},"end":{"line":138,"column":38}},"75":{"start":{"line":139,"column":6},"end":{"line":139,"column":19}},"76":{"start":{"line":140,"column":6},"end":{"line":140,"column":21}},"77":{"start":{"line":141,"column":6},"end":{"line":141,"column":21}},"78":{"start":{"line":142,"column":6},"end":{"line":142,"column":28}},"79":{"start":{"line":143,"column":6},"end":{"line":143,"column":59}},"80":{"start":{"line":144,"column":6},"end":{"line":146,"column":14}},"81":{"start":{"line":145,"column":8},"end":{"line":145,"column":24}},"82":{"start":{"line":148,"column":6},"end":{"line":148,"column":27}},"83":{"start":{"line":149,"column":6},"end":{"line":149,"column":46}},"84":{"start":{"line":150,"column":6},"end":{"line":152,"column":14}},"85":{"start":{"line":151,"column":8},"end":{"line":151,"column":24}},"86":{"start":{"line":156,"column":20},"end":{"line":162,"column":3}},"87":{"start":{"line":157,"column":4},"end":{"line":161,"column":10}},"88":{"start":{"line":159,"column":8},"end":{"line":159,"column":95}},"89":{"start":{"line":164,"column":20},"end":{"line":174,"column":3}},"90":{"start":{"line":165,"column":4},"end":{"line":173,"column":16}},"91":{"start":{"line":169,"column":46},"end":{"line":169,"column":71}},"92":{"start":{"line":170,"column":46},"end":{"line":170,"column":71}},"93":{"start":{"line":176,"column":19},"end":{"line":180,"column":3}},"94":{"start":{"line":177,"column":4},"end":{"line":179,"column":16}},"95":{"start":{"line":182,"column":2},"end":{"line":197,"column":3}}},"fnMap":{"0":{"name":"(anonymous_0)","decl":{"start":{"line":10,"column":12},"end":{"line":10,"column":13}},"loc":{"start":{"line":10,"column":18},"end":{"line":198,"column":1}},"line":10},"1":{"name":"(anonymous_1)","decl":{"start":{"line":21,"column":12},"end":{"line":21,"column":13}},"loc":{"start":{"line":21,"column":18},"end":{"line":23,"column":3}},"line":21},"2":{"name":"(anonymous_2)","decl":{"start":{"line":25,"column":19},"end":{"line":25,"column":20}},"loc":{"start":{"line":25,"column":25},"end":{"line":35,"column":3}},"line":25},"3":{"name":"(anonymous_3)","decl":{"start":{"line":28,"column":12},"end":{"line":28,"column":13}},"loc":{"start":{"line":28,"column":28},"end":{"line":31,"column":7}},"line":28},"4":{"name":"(anonymous_4)","decl":{"start":{"line":29,"column":26},"end":{"line":29,"column":27}},"loc":{"start":{"line":29,"column":36},"end":{"line":29,"column":53}},"line":29},"5":{"name":"(anonymous_5)","decl":{"start":{"line":32,"column":13},"end":{"line":32,"column":14}},"loc":{"start":{"line":32,"column":19},"end":{"line":34,"column":7}},"line":32},"6":{"name":"(anonymous_6)","decl":{"start":{"line":37,"column":12},"end":{"line":37,"column":13}},"loc":{"start":{"line":37,"column":18},"end":{"line":44,"column":3}},"line":37},"7":{"name":"(anonymous_7)","decl":{"start":{"line":46,"column":23},"end":{"line":46,"column":24}},"loc":{"start":{"line":46,"column":29},"end":{"line":62,"column":3}},"line":46},"8":{"name":"(anonymous_8)","decl":{"start":{"line":52,"column":17},"end":{"line":52,"column":18}},"loc":{"start":{"line":52,"column":23},"end":{"line":54,"column":7}},"line":52},"9":{"name":"(anonymous_9)","decl":{"start":{"line":58,"column":17},"end":{"line":58,"column":18}},"loc":{"start":{"line":58,"column":23},"end":{"line":60,"column":7}},"line":58},"10":{"name":"(anonymous_10)","decl":{"start":{"line":64,"column":18},"end":{"line":64,"column":19}},"loc":{"start":{"line":64,"column":34},"end":{"line":83,"column":3}},"line":64},"11":{"name":"(anonymous_11)","decl":{"start":{"line":68,"column":12},"end":{"line":68,"column":13}},"loc":{"start":{"line":68,"column":28},"end":{"line":75,"column":7}},"line":68},"12":{"name":"(anonymous_12)","decl":{"start":{"line":72,"column":19},"end":{"line":72,"column":20}},"loc":{"start":{"line":72,"column":25},"end":{"line":74,"column":9}},"line":72},"13":{"name":"(anonymous_13)","decl":{"start":{"line":76,"column":13},"end":{"line":76,"column":14}},"loc":{"start":{"line":76,"column":19},"end":{"line":82,"column":7}},"line":76},"14":{"name":"(anonymous_14)","decl":{"start":{"line":79,"column":19},"end":{"line":79,"column":20}},"loc":{"start":{"line":79,"column":25},"end":{"line":81,"column":9}},"line":79},"15":{"name":"(anonymous_15)","decl":{"start":{"line":85,"column":18},"end":{"line":85,"column":19}},"loc":{"start":{"line":85,"column":38},"end":{"line":103,"column":3}},"line":85},"16":{"name":"(anonymous_16)","decl":{"start":{"line":88,"column":12},"end":{"line":88,"column":13}},"loc":{"start":{"line":88,"column":18},"end":{"line":95,"column":7}},"line":88},"17":{"name":"(anonymous_17)","decl":{"start":{"line":92,"column":19},"end":{"line":92,"column":20}},"loc":{"start":{"line":92,"column":25},"end":{"line":94,"column":9}},"line":92},"18":{"name":"(anonymous_18)","decl":{"start":{"line":96,"column":13},"end":{"line":96,"column":14}},"loc":{"start":{"line":96,"column":19},"end":{"line":102,"column":7}},"line":96},"19":{"name":"(anonymous_19)","decl":{"start":{"line":99,"column":19},"end":{"line":99,"column":20}},"loc":{"start":{"line":99,"column":25},"end":{"line":101,"column":9}},"line":99},"20":{"name":"(anonymous_20)","decl":{"start":{"line":105,"column":21},"end":{"line":105,"column":22}},"loc":{"start":{"line":105,"column":29},"end":{"line":126,"column":3}},"line":105},"21":{"name":"(anonymous_21)","decl":{"start":{"line":110,"column":14},"end":{"line":110,"column":15}},"loc":{"start":{"line":110,"column":20},"end":{"line":117,"column":9}},"line":110},"22":{"name":"(anonymous_22)","decl":{"start":{"line":114,"column":21},"end":{"line":114,"column":22}},"loc":{"start":{"line":114,"column":27},"end":{"line":116,"column":11}},"line":114},"23":{"name":"(anonymous_23)","decl":{"start":{"line":118,"column":15},"end":{"line":118,"column":16}},"loc":{"start":{"line":118,"column":21},"end":{"line":124,"column":9}},"line":118},"24":{"name":"(anonymous_24)","decl":{"start":{"line":121,"column":21},"end":{"line":121,"column":22}},"loc":{"start":{"line":121,"column":27},"end":{"line":123,"column":11}},"line":121},"25":{"name":"(anonymous_25)","decl":{"start":{"line":128,"column":22},"end":{"line":128,"column":23}},"loc":{"start":{"line":128,"column":39},"end":{"line":154,"column":3}},"line":128},"26":{"name":"(anonymous_26)","decl":{"start":{"line":144,"column":17},"end":{"line":144,"column":18}},"loc":{"start":{"line":144,"column":23},"end":{"line":146,"column":7}},"line":144},"27":{"name":"(anonymous_27)","decl":{"start":{"line":150,"column":17},"end":{"line":150,"column":18}},"loc":{"start":{"line":150,"column":23},"end":{"line":152,"column":7}},"line":150},"28":{"name":"(anonymous_28)","decl":{"start":{"line":156,"column":20},"end":{"line":156,"column":21}},"loc":{"start":{"line":157,"column":4},"end":{"line":161,"column":10}},"line":157},"29":{"name":"(anonymous_29)","decl":{"start":{"line":158,"column":17},"end":{"line":158,"column":18}},"loc":{"start":{"line":159,"column":8},"end":{"line":159,"column":95}},"line":159},"30":{"name":"(anonymous_30)","decl":{"start":{"line":164,"column":20},"end":{"line":164,"column":21}},"loc":{"start":{"line":165,"column":4},"end":{"line":173,"column":16}},"line":165},"31":{"name":"(anonymous_31)","decl":{"start":{"line":169,"column":30},"end":{"line":169,"column":31}},"loc":{"start":{"line":169,"column":46},"end":{"line":169,"column":71}},"line":169},"32":{"name":"(anonymous_32)","decl":{"start":{"line":170,"column":30},"end":{"line":170,"column":31}},"loc":{"start":{"line":170,"column":46},"end":{"line":170,"column":71}},"line":170},"33":{"name":"(anonymous_33)","decl":{"start":{"line":176,"column":19},"end":{"line":176,"column":20}},"loc":{"start":{"line":177,"column":4},"end":{"line":179,"column":16}},"line":177}},"branchMap":{"0":{"loc":{"start":{"line":39,"column":4},"end":{"line":43,"column":5}},"type":"if","locations":[{"start":{"line":39,"column":4},"end":{"line":43,"column":5}},{"start":{},"end":{}}],"line":39},"1":{"loc":{"start":{"line":47,"column":4},"end":{"line":61,"column":5}},"type":"if","locations":[{"start":{"line":47,"column":4},"end":{"line":61,"column":5}},{"start":{"line":55,"column":11},"end":{"line":61,"column":5}}],"line":47},"2":{"loc":{"start":{"line":107,"column":4},"end":{"line":125,"column":5}},"type":"if","locations":[{"start":{"line":107,"column":4},"end":{"line":125,"column":5}},{"start":{},"end":{}}],"line":107},"3":{"loc":{"start":{"line":188,"column":7},"end":{"line":194,"column":14}},"type":"cond-expr","locations":[{"start":{"line":189,"column":8},"end":{"line":189,"column":19}},{"start":{"line":190,"column":8},"end":{"line":194,"column":14}}],"line":188}},"s":{"0":0,"1":0,"2":0,"3":0,"4":0,"5":0,"6":0,"7":0,"8":0,"9":0,"10":0,"11":0,"12":0,"13":0,"14":0,"15":0,"16":0,"17":0,"18":0,"19":0,"20":0,"21":0,"22":0,"23":0,"24":0,"25":0,"26":0,"27":0,"28":0,"29":0,"30":0,"31":0,"32":0,"33":0,"34":0,"35":0,"36":0,"37":0,"38":0,"39":0,"40":0,"41":0,"42":0,"43":0,"44":0,"45":0,"46":0,"47":0,"48":0,"49":0,"50":0,"51":0,"52":0,"53":0,"54":0,"55":0,"56":0,"57":0,"58":0,"59":0,"60":0,"61":0,"62":0,"63":0,"64":0,"65":0,"66":0,"67":0,"68":0,"69":0,"70":0,"71":0,"72":0,"73":0,"74":0,"75":0,"76":0,"77":0,"78":0,"79":0,"80":0,"81":0,"82":0,"83":0,"84":0,"85":0,"86":0,"87":0,"88":0,"89":0,"90":0,"91":0,"92":0,"93":0,"94":0,"95":0},"f":{"0":0,"1":0,"2":0,"3":0,"4":0,"5":0,"6":0,"7":0,"8":0,"9":0,"10":0,"11":0,"12":0,"13":0,"14":0,"15":0,"16":0,"17":0,"18":0,"19":0,"20":0,"21":0,"22":0,"23":0,"24":0,"25":0,"26":0,"27":0,"28":0,"29":0,"30":0,"31":0,"32":0,"33":0},"b":{"0":[0,0],"1":[0,0],"2":[0,0],"3":[0,0]}}
,"/Users/ailipriimann/Desktop/FullstackMOOC/osa5/bloglist-frontend/src/index.js": {"path":"/Users/ailipriimann/Desktop/FullstackMOOC/osa5/bloglist-frontend/src/index.js","statementMap":{"0":{"start":{"line":6,"column":0},"end":{"line":6,"column":57}}},"fnMap":{},"branchMap":{},"s":{"0":0},"f":{},"b":{}}
,"/Users/ailipriimann/Desktop/FullstackMOOC/osa5/bloglist-frontend/src/components/Blog.js": {"path":"/Users/ailipriimann/Desktop/FullstackMOOC/osa5/bloglist-frontend/src/components/Blog.js","statementMap":{"0":{"start":{"line":5,"column":13},"end":{"line":41,"column":1}},"1":{"start":{"line":6,"column":26},"end":{"line":6,"column":41}},"2":{"start":{"line":9,"column":21},"end":{"line":11,"column":3}},"3":{"start":{"line":10,"column":4},"end":{"line":10,"column":18}},"4":{"start":{"line":13,"column":20},"end":{"line":17,"column":3}},"5":{"start":{"line":19,"column":2},"end":{"line":40,"column":3}}},"fnMap":{"0":{"name":"(anonymous_0)","decl":{"start":{"line":5,"column":13},"end":{"line":5,"column":14}},"loc":{"start":{"line":5,"column":54},"end":{"line":41,"column":1}},"line":5},"1":{"name":"(anonymous_1)","decl":{"start":{"line":9,"column":21},"end":{"line":9,"column":22}},"loc":{"start":{"line":9,"column":27},"end":{"line":11,"column":3}},"line":9}},"branchMap":{"0":{"loc":{"start":{"line":23,"column":38},"end":{"line":23,"column":62}},"type":"cond-expr","locations":[{"start":{"line":23,"column":46},"end":{"line":23,"column":52}},{"start":{"line":23,"column":55},"end":{"line":23,"column":62}}],"line":23},"1":{"loc":{"start":{"line":25,"column":7},"end":{"line":37,"column":11}},"type":"binary-expr","locations":[{"start":{"line":25,"column":7},"end":{"line":25,"column":11}},{"start":{"line":26,"column":8},"end":{"line":37,"column":11}}],"line":25},"2":{"loc":{"start":{"line":34,"column":11},"end":{"line":35,"column":55}},"type":"binary-expr","locations":[{"start":{"line":34,"column":11},"end":{"line":34,"column":47}},{"start":{"line":35,"column":10},"end":{"line":35,"column":55}}],"line":34}},"s":{"0":1,"1":2,"2":2,"3":0,"4":2,"5":2},"f":{"0":2,"1":0},"b":{"0":[2,0],"1":[2,0],"2":[0,0]},"_coverageSchema":"1a1c01bbd47fc00a2c39e90264f33305004495a9","hash":"9a50edb33b24c9eef4798c228fa0c8c0d39cd81d"}
,"/Users/ailipriimann/Desktop/FullstackMOOC/osa5/bloglist-frontend/src/components/BlogForm.js": {"path":"/Users/ailipriimann/Desktop/FullstackMOOC/osa5/bloglist-frontend/src/components/BlogForm.js","statementMap":{"0":{"start":{"line":3,"column":17},"end":{"line":59,"column":1}},"1":{"start":{"line":4,"column":28},"end":{"line":4,"column":40}},"2":{"start":{"line":5,"column":30},"end":{"line":5,"column":42}},"3":{"start":{"line":6,"column":24},"end":{"line":6,"column":36}},"4":{"start":{"line":8,"column":23},"end":{"line":19,"column":3}},"5":{"start":{"line":9,"column":4},"end":{"line":9,"column":26}},"6":{"start":{"line":11,"column":4},"end":{"line":15,"column":6}},"7":{"start":{"line":16,"column":4},"end":{"line":16,"column":16}},"8":{"start":{"line":17,"column":4},"end":{"line":17,"column":17}},"9":{"start":{"line":18,"column":4},"end":{"line":18,"column":14}},"10":{"start":{"line":21,"column":2},"end":{"line":58,"column":3}},"11":{"start":{"line":31,"column":38},"end":{"line":31,"column":60}},"12":{"start":{"line":41,"column":38},"end":{"line":41,"column":61}},"13":{"start":{"line":51,"column":38},"end":{"line":51,"column":58}}},"fnMap":{"0":{"name":"(anonymous_0)","decl":{"start":{"line":3,"column":17},"end":{"line":3,"column":18}},"loc":{"start":{"line":3,"column":37},"end":{"line":59,"column":1}},"line":3},"1":{"name":"(anonymous_1)","decl":{"start":{"line":8,"column":23},"end":{"line":8,"column":24}},"loc":{"start":{"line":8,"column":34},"end":{"line":19,"column":3}},"line":8},"2":{"name":"(anonymous_2)","decl":{"start":{"line":31,"column":22},"end":{"line":31,"column":23}},"loc":{"start":{"line":31,"column":38},"end":{"line":31,"column":60}},"line":31},"3":{"name":"(anonymous_3)","decl":{"start":{"line":41,"column":22},"end":{"line":41,"column":23}},"loc":{"start":{"line":41,"column":38},"end":{"line":41,"column":61}},"line":41},"4":{"name":"(anonymous_4)","decl":{"start":{"line":51,"column":22},"end":{"line":51,"column":23}},"loc":{"start":{"line":51,"column":38},"end":{"line":51,"column":58}},"line":51}},"branchMap":{},"s":{"0":1,"1":5,"2":5,"3":5,"4":5,"5":1,"6":1,"7":1,"8":1,"9":1,"10":5,"11":1,"12":1,"13":1},"f":{"0":5,"1":1,"2":1,"3":1,"4":1},"b":{},"_coverageSchema":"1a1c01bbd47fc00a2c39e90264f33305004495a9","hash":"33e15841116b0e255bc9ac9e9f4a1eafce7952aa"}
,"/Users/ailipriimann/Desktop/FullstackMOOC/osa5/bloglist-frontend/src/components/Delete.js": {"path":"/Users/ailipriimann/Desktop/FullstackMOOC/osa5/bloglist-frontend/src/components/Delete.js","statementMap":{"0":{"start":{"line":3,"column":15},"end":{"line":16,"column":1}},"1":{"start":{"line":5,"column":23},"end":{"line":9,"column":3}},"2":{"start":{"line":6,"column":4},"end":{"line":6,"column":26}},"3":{"start":{"line":8,"column":4},"end":{"line":8,"column":23}},"4":{"start":{"line":11,"column":2},"end":{"line":15,"column":3}}},"fnMap":{"0":{"name":"(anonymous_0)","decl":{"start":{"line":3,"column":15},"end":{"line":3,"column":16}},"loc":{"start":{"line":3,"column":41},"end":{"line":16,"column":1}},"line":3},"1":{"name":"(anonymous_1)","decl":{"start":{"line":5,"column":23},"end":{"line":5,"column":24}},"loc":{"start":{"line":5,"column":34},"end":{"line":9,"column":3}},"line":5}},"branchMap":{},"s":{"0":1,"1":0,"2":0,"3":0,"4":0},"f":{"0":0,"1":0},"b":{},"_coverageSchema":"1a1c01bbd47fc00a2c39e90264f33305004495a9","hash":"79527b7f7ee4adb41c963d740ab2b4d131170330"}
,"/Users/ailipriimann/Desktop/FullstackMOOC/osa5/bloglist-frontend/src/components/Like.js": {"path":"/Users/ailipriimann/Desktop/FullstackMOOC/osa5/bloglist-frontend/src/components/Like.js","statementMap":{"0":{"start":{"line":3,"column":13},"end":{"line":22,"column":1}},"1":{"start":{"line":5,"column":21},"end":{"line":15,"column":3}},"2":{"start":{"line":6,"column":4},"end":{"line":6,"column":26}},"3":{"start":{"line":8,"column":4},"end":{"line":14,"column":6}},"4":{"start":{"line":17,"column":2},"end":{"line":21,"column":3}}},"fnMap":{"0":{"name":"(anonymous_0)","decl":{"start":{"line":3,"column":13},"end":{"line":3,"column":14}},"loc":{"start":{"line":3,"column":36},"end":{"line":22,"column":1}},"line":3},"1":{"name":"(anonymous_1)","decl":{"start":{"line":5,"column":21},"end":{"line":5,"column":22}},"loc":{"start":{"line":5,"column":32},"end":{"line":15,"column":3}},"line":5}},"branchMap":{},"s":{"0":1,"1":0,"2":0,"3":0,"4":0},"f":{"0":0,"1":0},"b":{},"_coverageSchema":"1a1c01bbd47fc00a2c39e90264f33305004495a9","hash":"d3d3ed090b160bf7717bbd8cf9addba99f339f72"}
,"/Users/ailipriimann/Desktop/FullstackMOOC/osa5/bloglist-frontend/src/components/LoginForm.js": {"path":"/Users/ailipriimann/Desktop/FullstackMOOC/osa5/bloglist-frontend/src/components/LoginForm.js","statementMap":{"0":{"start":{"line":4,"column":18},"end":{"line":30,"column":1}},"1":{"start":{"line":6,"column":2},"end":{"line":29,"column":3}},"2":{"start":{"line":32,"column":0},"end":{"line":38,"column":1}}},"fnMap":{"0":{"name":"(anonymous_0)","decl":{"start":{"line":4,"column":18},"end":{"line":4,"column":19}},"loc":{"start":{"line":4,"column":104},"end":{"line":30,"column":1}},"line":4}},"branchMap":{},"s":{"0":0,"1":0,"2":0},"f":{"0":0},"b":{}}
,"/Users/ailipriimann/Desktop/FullstackMOOC/osa5/bloglist-frontend/src/components/Notification.js": {"path":"/Users/ailipriimann/Desktop/FullstackMOOC/osa5/bloglist-frontend/src/components/Notification.js","statementMap":{"0":{"start":{"line":1,"column":21},"end":{"line":19,"column":1}},"1":{"start":{"line":2,"column":4},"end":{"line":4,"column":5}},"2":{"start":{"line":3,"column":8},"end":{"line":3,"column":19}},"3":{"start":{"line":6,"column":4},"end":{"line":18,"column":5}}},"fnMap":{"0":{"name":"(anonymous_0)","decl":{"start":{"line":1,"column":21},"end":{"line":1,"column":22}},"loc":{"start":{"line":1,"column":52},"end":{"line":19,"column":1}},"line":1}},"branchMap":{"0":{"loc":{"start":{"line":2,"column":4},"end":{"line":4,"column":5}},"type":"if","locations":[{"start":{"line":2,"column":4},"end":{"line":4,"column":5}},{"start":{},"end":{}}],"line":2},"1":{"loc":{"start":{"line":8,"column":13},"end":{"line":15,"column":22}},"type":"cond-expr","locations":[{"start":{"line":9,"column":16},"end":{"line":11,"column":22}},{"start":{"line":13,"column":16},"end":{"line":15,"column":22}}],"line":8}},"s":{"0":0,"1":0,"2":0,"3":0},"f":{"0":0},"b":{"0":[0,0],"1":[0,0]}}
,"/Users/ailipriimann/Desktop/FullstackMOOC/osa5/bloglist-frontend/src/components/Togglable.js": {"path":"/Users/ailipriimann/Desktop/FullstackMOOC/osa5/bloglist-frontend/src/components/Togglable.js","statementMap":{"0":{"start":{"line":4,"column":18},"end":{"line":31,"column":2}},"1":{"start":{"line":5,"column":32},"end":{"line":5,"column":47}},"2":{"start":{"line":7,"column":26},"end":{"line":7,"column":60}},"3":{"start":{"line":8,"column":26},"end":{"line":8,"column":60}},"4":{"start":{"line":10,"column":27},"end":{"line":12,"column":3}},"5":{"start":{"line":11,"column":4},"end":{"line":11,"column":24}},"6":{"start":{"line":14,"column":2},"end":{"line":18,"column":4}},"7":{"start":{"line":15,"column":4},"end":{"line":17,"column":5}},"8":{"start":{"line":20,"column":2},"end":{"line":30,"column":3}},"9":{"start":{"line":33,"column":0},"end":{"line":33,"column":35}},"10":{"start":{"line":35,"column":0},"end":{"line":37,"column":1}}},"fnMap":{"0":{"name":"(anonymous_0)","decl":{"start":{"line":4,"column":35},"end":{"line":4,"column":36}},"loc":{"start":{"line":4,"column":51},"end":{"line":31,"column":1}},"line":4},"1":{"name":"(anonymous_1)","decl":{"start":{"line":10,"column":27},"end":{"line":10,"column":28}},"loc":{"start":{"line":10,"column":33},"end":{"line":12,"column":3}},"line":10},"2":{"name":"(anonymous_2)","decl":{"start":{"line":14,"column":27},"end":{"line":14,"column":28}},"loc":{"start":{"line":14,"column":33},"end":{"line":18,"column":3}},"line":14}},"branchMap":{"0":{"loc":{"start":{"line":7,"column":37},"end":{"line":7,"column":58}},"type":"cond-expr","locations":[{"start":{"line":7,"column":47},"end":{"line":7,"column":53}},{"start":{"line":7,"column":56},"end":{"line":7,"column":58}}],"line":7},"1":{"loc":{"start":{"line":8,"column":37},"end":{"line":8,"column":58}},"type":"cond-expr","locations":[{"start":{"line":8,"column":47},"end":{"line":8,"column":49}},{"start":{"line":8,"column":52},"end":{"line":8,"column":58}}],"line":8}},"s":{"0":1,"1":7,"2":7,"3":7,"4":7,"5":3,"6":7,"7":0,"8":7,"9":1,"10":1},"f":{"0":7,"1":3,"2":0},"b":{"0":[2,5],"1":[2,5]},"_coverageSchema":"1a1c01bbd47fc00a2c39e90264f33305004495a9","hash":"90d8d99458c0c45af35ec0356db216823d839bef"}
,"/Users/ailipriimann/Desktop/FullstackMOOC/osa5/bloglist-frontend/src/services/blogs.js": {"path":"/Users/ailipriimann/Desktop/FullstackMOOC/osa5/bloglist-frontend/src/services/blogs.js","statementMap":{"0":{"start":{"line":2,"column":16},"end":{"line":2,"column":28}},"1":{"start":{"line":4,"column":12},"end":{"line":4,"column":16}},"2":{"start":{"line":6,"column":17},"end":{"line":8,"column":1}},"3":{"start":{"line":7,"column":2},"end":{"line":7,"column":30}},"4":{"start":{"line":10,"column":15},"end":{"line":13,"column":1}},"5":{"start":{"line":11,"column":18},"end":{"line":11,"column":36}},"6":{"start":{"line":12,"column":2},"end":{"line":12,"column":48}},"7":{"start":{"line":12,"column":34},"end":{"line":12,"column":47}},"8":{"start":{"line":15,"column":15},"end":{"line":22,"column":1}},"9":{"start":{"line":16,"column":17},"end":{"line":18,"column":3}},"10":{"start":{"line":20,"column":19},"end":{"line":20,"column":63}},"11":{"start":{"line":21,"column":2},"end":{"line":21,"column":22}},"12":{"start":{"line":24,"column":15},"end":{"line":32,"column":1}},"13":{"start":{"line":25,"column":2},"end":{"line":25,"column":37}},"14":{"start":{"line":26,"column":17},"end":{"line":28,"column":3}},"15":{"start":{"line":30,"column":18},"end":{"line":30,"column":68}},"16":{"start":{"line":31,"column":2},"end":{"line":31,"column":48}},"17":{"start":{"line":31,"column":34},"end":{"line":31,"column":47}},"18":{"start":{"line":34,"column":15},"end":{"line":41,"column":1}},"19":{"start":{"line":35,"column":17},"end":{"line":37,"column":3}},"20":{"start":{"line":39,"column":18},"end":{"line":39,"column":60}},"21":{"start":{"line":40,"column":2},"end":{"line":40,"column":48}},"22":{"start":{"line":40,"column":34},"end":{"line":40,"column":47}}},"fnMap":{"0":{"name":"(anonymous_0)","decl":{"start":{"line":6,"column":17},"end":{"line":6,"column":18}},"loc":{"start":{"line":6,"column":29},"end":{"line":8,"column":1}},"line":6},"1":{"name":"(anonymous_1)","decl":{"start":{"line":10,"column":15},"end":{"line":10,"column":16}},"loc":{"start":{"line":10,"column":21},"end":{"line":13,"column":1}},"line":10},"2":{"name":"(anonymous_2)","decl":{"start":{"line":12,"column":22},"end":{"line":12,"column":23}},"loc":{"start":{"line":12,"column":34},"end":{"line":12,"column":47}},"line":12},"3":{"name":"(anonymous_3)","decl":{"start":{"line":15,"column":15},"end":{"line":15,"column":16}},"loc":{"start":{"line":15,"column":34},"end":{"line":22,"column":1}},"line":15},"4":{"name":"(anonymous_4)","decl":{"start":{"line":24,"column":15},"end":{"line":24,"column":16}},"loc":{"start":{"line":24,"column":34},"end":{"line":32,"column":1}},"line":24},"5":{"name":"(anonymous_5)","decl":{"start":{"line":31,"column":22},"end":{"line":31,"column":23}},"loc":{"start":{"line":31,"column":34},"end":{"line":31,"column":47}},"line":31},"6":{"name":"(anonymous_6)","decl":{"start":{"line":34,"column":15},"end":{"line":34,"column":16}},"loc":{"start":{"line":34,"column":23},"end":{"line":41,"column":1}},"line":34},"7":{"name":"(anonymous_7)","decl":{"start":{"line":40,"column":22},"end":{"line":40,"column":23}},"loc":{"start":{"line":40,"column":34},"end":{"line":40,"column":47}},"line":40}},"branchMap":{},"s":{"0":0,"1":0,"2":0,"3":0,"4":0,"5":0,"6":0,"7":0,"8":0,"9":0,"10":0,"11":0,"12":0,"13":0,"14":0,"15":0,"16":0,"17":0,"18":0,"19":0,"20":0,"21":0,"22":0},"f":{"0":0,"1":0,"2":0,"3":0,"4":0,"5":0,"6":0,"7":0},"b":{}}
,"/Users/ailipriimann/Desktop/FullstackMOOC/osa5/bloglist-frontend/src/services/login.js": {"path":"/Users/ailipriimann/Desktop/FullstackMOOC/osa5/bloglist-frontend/src/services/login.js","statementMap":{"0":{"start":{"line":2,"column":16},"end":{"line":2,"column":28}},"1":{"start":{"line":4,"column":14},"end":{"line":7,"column":1}},"2":{"start":{"line":5,"column":19},"end":{"line":5,"column":57}},"3":{"start":{"line":6,"column":2},"end":{"line":6,"column":22}}},"fnMap":{"0":{"name":"(anonymous_0)","decl":{"start":{"line":4,"column":14},"end":{"line":4,"column":15}},"loc":{"start":{"line":4,"column":35},"end":{"line":7,"column":1}},"line":4}},"branchMap":{},"s":{"0":0,"1":0,"2":0,"3":0},"f":{"0":0},"b":{}}
}
